[ 2018-09-12T21:37:49+08:00 ] ::1 /dy/Public/admin/static/login/js/h-ui.min.js
INFO: [ app_init ] --START--
INFO: Run Behavior\BuildLiteBehavior [ RunTime:0.000026s ]
INFO: [ app_init ] --END-- [ RunTime:0.000747s ]
INFO: [ app_begin ] --START--
INFO: Run Behavior\ReadHtmlCacheBehavior [ RunTime:0.000816s ]
INFO: [ app_begin ] --END-- [ RunTime:0.000870s ]
ERR: 无法加载控制器:Public

[ 2018-09-12T21:37:49+08:00 ] ::1 /dy/Public/admin/static/login/fonts/iconfont.woff
INFO: [ app_init ] --START--
INFO: Run Behavior\BuildLiteBehavior [ RunTime:0.000020s ]
INFO: [ app_init ] --END-- [ RunTime:0.000632s ]
INFO: [ app_begin ] --START--
INFO: Run Behavior\ReadHtmlCacheBehavior [ RunTime:0.001178s ]
INFO: [ app_begin ] --END-- [ RunTime:0.001258s ]
ERR: 无法加载控制器:Public

[ 2018-09-12T21:37:49+08:00 ] ::1 /dy/Public/admin/static/login/js/h-ui.min.js
INFO: [ app_init ] --START--
INFO: Run Behavior\BuildLiteBehavior [ RunTime:0.000020s ]
INFO: [ app_init ] --END-- [ RunTime:0.000607s ]
INFO: [ app_begin ] --START--
INFO: Run Behavior\ReadHtmlCacheBehavior [ RunTime:0.000865s ]
INFO: [ app_begin ] --END-- [ RunTime:0.000936s ]
ERR: 无法加载控制器:Public

[ 2018-09-12T21:43:48+08:00 ] ::1 /dy/Public/admin/static/login/js/h-ui.min.js
INFO: [ app_init ] --START--
INFO: Run Behavior\BuildLiteBehavior [ RunTime:0.000018s ]
INFO: [ app_init ] --END-- [ RunTime:0.000483s ]
INFO: [ app_begin ] --START--
INFO: Run Behavior\ReadHtmlCacheBehavior [ RunTime:0.001002s ]
INFO: [ app_begin ] --END-- [ RunTime:0.001078s ]
ERR: 无法加载控制器:Public

[ 2018-09-12T21:43:48+08:00 ] ::1 /dy/Public/admin/static/login/fonts/iconfont.woff
INFO: [ app_init ] --START--
INFO: Run Behavior\BuildLiteBehavior [ RunTime:0.000023s ]
INFO: [ app_init ] --END-- [ RunTime:0.000805s ]
INFO: [ app_begin ] --START--
INFO: Run Behavior\ReadHtmlCacheBehavior [ RunTime:0.001036s ]
INFO: [ app_begin ] --END-- [ RunTime:0.001144s ]
ERR: 无法加载控制器:Public

[ 2018-09-12T21:50:30+08:00 ] ::1 /dy/Public/admin/static/login/js/h-ui.min.js
INFO: [ app_init ] --START--
INFO: Run Behavior\BuildLiteBehavior [ RunTime:0.000014s ]
INFO: [ app_init ] --END-- [ RunTime:0.000403s ]
INFO: [ app_begin ] --START--
INFO: Run Behavior\ReadHtmlCacheBehavior [ RunTime:0.000979s ]
INFO: [ app_begin ] --END-- [ RunTime:0.001049s ]
ERR: 无法加载控制器:Public

[ 2018-09-12T21:50:30+08:00 ] ::1 /dy/Public/admin/static/login/fonts/iconfont.woff
INFO: [ app_init ] --START--
INFO: Run Behavior\BuildLiteBehavior [ RunTime:0.000022s ]
INFO: [ app_init ] --END-- [ RunTime:0.000682s ]
INFO: [ app_begin ] --START--
INFO: Run Behavior\ReadHtmlCacheBehavior [ RunTime:0.001074s ]
INFO: [ app_begin ] --END-- [ RunTime:0.001148s ]
ERR: 无法加载控制器:Public

[ 2018-09-12T21:51:00+08:00 ] ::1 /dy/Public/admin/static/login/js/h-ui.min.js
INFO: [ app_init ] --START--
INFO: Run Behavior\BuildLiteBehavior [ RunTime:0.000016s ]
INFO: [ app_init ] --END-- [ RunTime:0.000452s ]
INFO: [ app_begin ] --START--
INFO: Run Behavior\ReadHtmlCacheBehavior [ RunTime:0.001059s ]
INFO: [ app_begin ] --END-- [ RunTime:0.001191s ]
ERR: 无法加载控制器:Public

[ 2018-09-12T21:51:00+08:00 ] ::1 /dy/Public/admin/static/login/fonts/iconfont.woff
INFO: [ app_init ] --START--
INFO: Run Behavior\BuildLiteBehavior [ RunTime:0.000023s ]
INFO: [ app_init ] --END-- [ RunTime:0.000633s ]
INFO: [ app_begin ] --START--
INFO: Run Behavior\ReadHtmlCacheBehavior [ RunTime:0.000959s ]
INFO: [ app_begin ] --END-- [ RunTime:0.001033s ]
ERR: 无法加载控制器:Public

[ 2018-09-12T21:51:19+08:00 ] ::1 /dy/Public/admin/static/login/js/h-ui.min.js
INFO: [ app_init ] --START--
INFO: Run Behavior\BuildLiteBehavior [ RunTime:0.000021s ]
INFO: [ app_init ] --END-- [ RunTime:0.000622s ]
INFO: [ app_begin ] --START--
INFO: Run Behavior\ReadHtmlCacheBehavior [ RunTime:0.000739s ]
INFO: [ app_begin ] --END-- [ RunTime:0.000796s ]
ERR: 无法加载控制器:Public

[ 2018-09-12T21:51:19+08:00 ] ::1 /dy/Public/admin/static/login/fonts/iconfont.woff
INFO: [ app_init ] --START--
INFO: Run Behavior\BuildLiteBehavior [ RunTime:0.000015s ]
INFO: [ app_init ] --END-- [ RunTime:0.000596s ]
INFO: [ app_begin ] --START--
INFO: Run Behavior\ReadHtmlCacheBehavior [ RunTime:0.000671s ]
INFO: [ app_begin ] --END-- [ RunTime:0.000717s ]
ERR: 无法加载控制器:Public

[ 2018-09-12T21:51:24+08:00 ] ::1 /dy/Public/admin/static/login/js/h-ui.min.js
INFO: [ app_init ] --START--
INFO: Run Behavior\BuildLiteBehavior [ RunTime:0.000015s ]
INFO: [ app_init ] --END-- [ RunTime:0.000484s ]
INFO: [ app_begin ] --START--
INFO: Run Behavior\ReadHtmlCacheBehavior [ RunTime:0.000703s ]
INFO: [ app_begin ] --END-- [ RunTime:0.000752s ]
ERR: 无法加载控制器:Public

[ 2018-09-12T21:51:24+08:00 ] ::1 /dy/Public/admin/static/login/fonts/iconfont.woff
INFO: [ app_init ] --START--
INFO: Run Behavior\BuildLiteBehavior [ RunTime:0.000018s ]
INFO: [ app_init ] --END-- [ RunTime:0.000528s ]
INFO: [ app_begin ] --START--
INFO: Run Behavior\ReadHtmlCacheBehavior [ RunTime:0.000827s ]
INFO: [ app_begin ] --END-- [ RunTime:0.000888s ]
ERR: 无法加载控制器:Public

[ 2018-09-12T21:52:02+08:00 ] ::1 /dy/Public/admin/static/login/js/h-ui.min.js
INFO: [ app_init ] --START--
INFO: Run Behavior\BuildLiteBehavior [ RunTime:0.000021s ]
INFO: [ app_init ] --END-- [ RunTime:0.000631s ]
INFO: [ app_begin ] --START--
INFO: Run Behavior\ReadHtmlCacheBehavior [ RunTime:0.001205s ]
INFO: [ app_begin ] --END-- [ RunTime:0.001275s ]
ERR: 无法加载控制器:Public

[ 2018-09-12T21:52:02+08:00 ] ::1 /dy/Public/admin/static/login/fonts/iconfont.woff
INFO: [ app_init ] --START--
INFO: Run Behavior\BuildLiteBehavior [ RunTime:0.000013s ]
INFO: [ app_init ] --END-- [ RunTime:0.000446s ]
INFO: [ app_begin ] --START--
INFO: Run Behavior\ReadHtmlCacheBehavior [ RunTime:0.000774s ]
INFO: [ app_begin ] --END-- [ RunTime:0.000840s ]
ERR: 无法加载控制器:Public

[ 2018-09-12T21:52:26+08:00 ] ::1 /dy/Public/admin/static/login/js/h-ui.min.js
INFO: [ app_init ] --START--
INFO: Run Behavior\BuildLiteBehavior [ RunTime:0.000013s ]
INFO: [ app_init ] --END-- [ RunTime:0.000466s ]
INFO: [ app_begin ] --START--
INFO: Run Behavior\ReadHtmlCacheBehavior [ RunTime:0.000789s ]
INFO: [ app_begin ] --END-- [ RunTime:0.000845s ]
ERR: 无法加载控制器:Public

[ 2018-09-12T21:52:26+08:00 ] ::1 /dy/Public/admin/static/login/fonts/iconfont.woff
INFO: [ app_init ] --START--
INFO: Run Behavior\BuildLiteBehavior [ RunTime:0.000019s ]
INFO: [ app_init ] --END-- [ RunTime:0.000803s ]
INFO: [ app_begin ] --START--
INFO: Run Behavior\ReadHtmlCacheBehavior [ RunTime:0.001210s ]
INFO: [ app_begin ] --END-- [ RunTime:0.001281s ]
ERR: 无法加载控制器:Public

[ 2018-09-12T21:52:55+08:00 ] ::1 /dy/Public/admin/static/login/js/h-ui.min.js
INFO: [ app_init ] --START--
INFO: Run Behavior\BuildLiteBehavior [ RunTime:0.000015s ]
INFO: [ app_init ] --END-- [ RunTime:0.000425s ]
INFO: [ app_begin ] --START--
INFO: Run Behavior\ReadHtmlCacheBehavior [ RunTime:0.000744s ]
INFO: [ app_begin ] --END-- [ RunTime:0.000808s ]
ERR: 无法加载控制器:Public

[ 2018-09-12T21:52:55+08:00 ] ::1 /dy/Public/admin/static/login/fonts/iconfont.woff
INFO: [ app_init ] --START--
INFO: Run Behavior\BuildLiteBehavior [ RunTime:0.000019s ]
INFO: [ app_init ] --END-- [ RunTime:0.000543s ]
INFO: [ app_begin ] --START--
INFO: Run Behavior\ReadHtmlCacheBehavior [ RunTime:0.000867s ]
INFO: [ app_begin ] --END-- [ RunTime:0.000935s ]
ERR: 无法加载控制器:Public

[ 2018-09-12T21:53:28+08:00 ] ::1 /dy/Public/admin/static/login/js/h-ui.min.js
INFO: [ app_init ] --START--
INFO: Run Behavior\BuildLiteBehavior [ RunTime:0.000024s ]
INFO: [ app_init ] --END-- [ RunTime:0.000898s ]
INFO: [ app_begin ] --START--
INFO: Run Behavior\ReadHtmlCacheBehavior [ RunTime:0.000840s ]
INFO: [ app_begin ] --END-- [ RunTime:0.000901s ]
ERR: 无法加载控制器:Public

[ 2018-09-12T21:53:28+08:00 ] ::1 /dy/Public/admin/static/login/js/h-ui.min.js
INFO: [ app_init ] --START--
INFO: Run Behavior\BuildLiteBehavior [ RunTime:0.000014s ]
INFO: [ app_init ] --END-- [ RunTime:0.000456s ]
INFO: [ app_begin ] --START--
INFO: Run Behavior\ReadHtmlCacheBehavior [ RunTime:0.000753s ]
INFO: [ app_begin ] --END-- [ RunTime:0.000806s ]
ERR: 无法加载控制器:Public

[ 2018-09-12T21:53:28+08:00 ] ::1 /dy/Public/admin/static/login/fonts/iconfont.woff
INFO: [ app_init ] --START--
INFO: Run Behavior\BuildLiteBehavior [ RunTime:0.000021s ]
INFO: [ app_init ] --END-- [ RunTime:0.000688s ]
INFO: [ app_begin ] --START--
INFO: Run Behavior\ReadHtmlCacheBehavior [ RunTime:0.001153s ]
INFO: [ app_begin ] --END-- [ RunTime:0.001231s ]
ERR: 无法加载控制器:Public

[ 2018-09-12T21:53:42+08:00 ] ::1 /dy/Public/admin/static/login/js/h-ui.min.js
INFO: [ app_init ] --START--
INFO: Run Behavior\BuildLiteBehavior [ RunTime:0.000023s ]
INFO: [ app_init ] --END-- [ RunTime:0.000721s ]
INFO: [ app_begin ] --START--
INFO: Run Behavior\ReadHtmlCacheBehavior [ RunTime:0.000999s ]
INFO: [ app_begin ] --END-- [ RunTime:0.001079s ]
ERR: 无法加载控制器:Public

[ 2018-09-12T21:53:42+08:00 ] ::1 /dy/Public/admin/static/login/fonts/iconfont.woff
INFO: [ app_init ] --START--
INFO: Run Behavior\BuildLiteBehavior [ RunTime:0.000021s ]
INFO: [ app_init ] --END-- [ RunTime:0.000641s ]
INFO: [ app_begin ] --START--
INFO: Run Behavior\ReadHtmlCacheBehavior [ RunTime:0.000974s ]
INFO: [ app_begin ] --END-- [ RunTime:0.001163s ]
ERR: 无法加载控制器:Public

[ 2018-09-12T21:55:38+08:00 ] ::1 /dy/Public/admin/static/login/js/h-ui.min.js
INFO: [ app_init ] --START--
INFO: Run Behavior\BuildLiteBehavior [ RunTime:0.000019s ]
INFO: [ app_init ] --END-- [ RunTime:0.000558s ]
INFO: [ app_begin ] --START--
INFO: Run Behavior\ReadHtmlCacheBehavior [ RunTime:0.000988s ]
INFO: [ app_begin ] --END-- [ RunTime:0.001070s ]
ERR: 无法加载控制器:Public

[ 2018-09-12T21:55:38+08:00 ] ::1 /dy/Public/admin/static/login/fonts/iconfont.woff
INFO: [ app_init ] --START--
INFO: Run Behavior\BuildLiteBehavior [ RunTime:0.000024s ]
INFO: [ app_init ] --END-- [ RunTime:0.000724s ]
INFO: [ app_begin ] --START--
INFO: Run Behavior\ReadHtmlCacheBehavior [ RunTime:0.000948s ]
INFO: [ app_begin ] --END-- [ RunTime:0.001019s ]
ERR: 无法加载控制器:Public

[ 2018-09-12T21:56:13+08:00 ] ::1 /dy/Public/admin/static/login/js/h-ui.min.js
INFO: [ app_init ] --START--
INFO: Run Behavior\BuildLiteBehavior [ RunTime:0.000021s ]
INFO: [ app_init ] --END-- [ RunTime:0.000592s ]
INFO: [ app_begin ] --START--
INFO: Run Behavior\ReadHtmlCacheBehavior [ RunTime:0.000950s ]
INFO: [ app_begin ] --END-- [ RunTime:0.001022s ]
ERR: 无法加载控制器:Public

[ 2018-09-12T21:56:13+08:00 ] ::1 /dy/Public/admin/static/login/fonts/iconfont.woff
INFO: [ app_init ] --START--
INFO: Run Behavior\BuildLiteBehavior [ RunTime:0.000022s ]
INFO: [ app_init ] --END-- [ RunTime:0.000683s ]
INFO: [ app_begin ] --START--
INFO: Run Behavior\ReadHtmlCacheBehavior [ RunTime:0.000633s ]
INFO: [ app_begin ] --END-- [ RunTime:0.000679s ]
ERR: 无法加载控制器:Public

[ 2018-09-12T21:56:38+08:00 ] ::1 /dy/index.php
INFO: [ app_init ] --START--
INFO: Run Behavior\BuildLiteBehavior [ RunTime:0.000019s ]
INFO: [ app_init ] --END-- [ RunTime:0.000685s ]
INFO: [ app_begin ] --START--
INFO: Run Behavior\ReadHtmlCacheBehavior [ RunTime:0.000887s ]
INFO: [ app_begin ] --END-- [ RunTime:0.000936s ]
INFO: [ app_end ] --START--
INFO: Run Behavior\ShowPageTraceBehavior [ RunTime:0.001745s ]
INFO: [ app_end ] --END-- [ RunTime:0.001860s ]

[ 2018-09-12T21:58:20+08:00 ] ::1 /dy/Public/admin/static/login/js/h-ui.min.js
INFO: [ app_init ] --START--
INFO: Run Behavior\BuildLiteBehavior [ RunTime:0.000021s ]
INFO: [ app_init ] --END-- [ RunTime:0.000810s ]
INFO: [ app_begin ] --START--
INFO: Run Behavior\ReadHtmlCacheBehavior [ RunTime:0.001553s ]
INFO: [ app_begin ] --END-- [ RunTime:0.001747s ]
ERR: 无法加载控制器:Public

[ 2018-09-12T21:58:20+08:00 ] ::1 /dy/Public/admin/static/login/js/h-ui.min.js
INFO: [ app_init ] --START--
INFO: Run Behavior\BuildLiteBehavior [ RunTime:0.000022s ]
INFO: [ app_init ] --END-- [ RunTime:0.000611s ]
INFO: [ app_begin ] --START--
INFO: Run Behavior\ReadHtmlCacheBehavior [ RunTime:0.000871s ]
INFO: [ app_begin ] --END-- [ RunTime:0.000945s ]
ERR: 无法加载控制器:Public

[ 2018-09-12T21:58:20+08:00 ] ::1 /dy/Public/admin/static/login/fonts/iconfont.woff
INFO: [ app_init ] --START--
INFO: Run Behavior\BuildLiteBehavior [ RunTime:0.000015s ]
INFO: [ app_init ] --END-- [ RunTime:0.000597s ]
INFO: [ app_begin ] --START--
INFO: Run Behavior\ReadHtmlCacheBehavior [ RunTime:0.000764s ]
INFO: [ app_begin ] --END-- [ RunTime:0.000815s ]
ERR: 无法加载控制器:Public

[ 2018-09-12T21:58:36+08:00 ] ::1 /dy/Public/admin/static/login/js/h-ui.min.js
INFO: [ app_init ] --START--
INFO: Run Behavior\BuildLiteBehavior [ RunTime:0.000020s ]
INFO: [ app_init ] --END-- [ RunTime:0.000514s ]
INFO: [ app_begin ] --START--
INFO: Run Behavior\ReadHtmlCacheBehavior [ RunTime:0.001075s ]
INFO: [ app_begin ] --END-- [ RunTime:0.001144s ]
ERR: 无法加载控制器:Public

[ 2018-09-12T21:58:36+08:00 ] ::1 /dy/Public/admin/static/login/fonts/iconfont.woff
INFO: [ app_init ] --START--
INFO: Run Behavior\BuildLiteBehavior [ RunTime:0.000019s ]
INFO: [ app_init ] --END-- [ RunTime:0.000628s ]
INFO: [ app_begin ] --START--
INFO: Run Behavior\ReadHtmlCacheBehavior [ RunTime:0.000660s ]
INFO: [ app_begin ] --END-- [ RunTime:0.000721s ]
ERR: 无法加载控制器:Public

[ 2018-09-12T21:58:55+08:00 ] ::1 /dy/Public/admin/static/login/js/h-ui.min.js
INFO: [ app_init ] --START--
INFO: Run Behavior\BuildLiteBehavior [ RunTime:0.000020s ]
INFO: [ app_init ] --END-- [ RunTime:0.000602s ]
INFO: [ app_begin ] --START--
INFO: Run Behavior\ReadHtmlCacheBehavior [ RunTime:0.000822s ]
INFO: [ app_begin ] --END-- [ RunTime:0.000881s ]
ERR: 无法加载控制器:Public

[ 2018-09-12T21:58:55+08:00 ] ::1 /dy/Public/admin/static/login/fonts/iconfont.woff
INFO: [ app_init ] --START--
INFO: Run Behavior\BuildLiteBehavior [ RunTime:0.000053s ]
INFO: [ app_init ] --END-- [ RunTime:0.000668s ]
INFO: [ app_begin ] --START--
INFO: Run Behavior\ReadHtmlCacheBehavior [ RunTime:0.001221s ]
INFO: [ app_begin ] --END-- [ RunTime:0.001346s ]
ERR: 无法加载控制器:Public

[ 2018-09-12T21:59:04+08:00 ] ::1 /dy/Public/admin/static/login/js/h-ui.min.js
INFO: [ app_init ] --START--
INFO: Run Behavior\BuildLiteBehavior [ RunTime:0.000019s ]
INFO: [ app_init ] --END-- [ RunTime:0.000460s ]
INFO: [ app_begin ] --START--
INFO: Run Behavior\ReadHtmlCacheBehavior [ RunTime:0.000751s ]
INFO: [ app_begin ] --END-- [ RunTime:0.000801s ]
ERR: 无法加载控制器:Public

[ 2018-09-12T21:59:05+08:00 ] ::1 /dy/Public/admin/static/login/fonts/iconfont.woff
INFO: [ app_init ] --START--
INFO: Run Behavior\BuildLiteBehavior [ RunTime:0.000021s ]
INFO: [ app_init ] --END-- [ RunTime:0.000643s ]
INFO: [ app_begin ] --START--
INFO: Run Behavior\ReadHtmlCacheBehavior [ RunTime:0.000891s ]
INFO: [ app_begin ] --END-- [ RunTime:0.000965s ]
ERR: 无法加载控制器:Public

[ 2018-09-12T22:00:50+08:00 ] ::1 /dy/Public/admin/static/login/js/h-ui.min.js
INFO: [ app_init ] --START--
INFO: Run Behavior\BuildLiteBehavior [ RunTime:0.000017s ]
INFO: [ app_init ] --END-- [ RunTime:0.000614s ]
INFO: [ app_begin ] --START--
INFO: Run Behavior\ReadHtmlCacheBehavior [ RunTime:0.000958s ]
INFO: [ app_begin ] --END-- [ RunTime:0.001023s ]
ERR: 无法加载控制器:Public

[ 2018-09-12T22:00:50+08:00 ] ::1 /dy/Public/admin/static/login/fonts/iconfont.woff
INFO: [ app_init ] --START--
INFO: Run Behavior\BuildLiteBehavior [ RunTime:0.000019s ]
INFO: [ app_init ] --END-- [ RunTime:0.000637s ]
INFO: [ app_begin ] --START--
INFO: Run Behavior\ReadHtmlCacheBehavior [ RunTime:0.000741s ]
INFO: [ app_begin ] --END-- [ RunTime:0.000805s ]
ERR: 无法加载控制器:Public

[ 2018-09-12T22:01:08+08:00 ] ::1 /dy/Public/admin/static/login/js/h-ui.min.js
INFO: [ app_init ] --START--
INFO: Run Behavior\BuildLiteBehavior [ RunTime:0.000019s ]
INFO: [ app_init ] --END-- [ RunTime:0.000581s ]
INFO: [ app_begin ] --START--
INFO: Run Behavior\ReadHtmlCacheBehavior [ RunTime:0.000967s ]
INFO: [ app_begin ] --END-- [ RunTime:0.001047s ]
ERR: 无法加载控制器:Public

[ 2018-09-12T22:01:08+08:00 ] ::1 /dy/Public/admin/static/login/fonts/iconfont.woff
INFO: [ app_init ] --START--
INFO: Run Behavior\BuildLiteBehavior [ RunTime:0.000023s ]
INFO: [ app_init ] --END-- [ RunTime:0.000625s ]
INFO: [ app_begin ] --START--
INFO: Run Behavior\ReadHtmlCacheBehavior [ RunTime:0.000949s ]
INFO: [ app_begin ] --END-- [ RunTime:0.001027s ]
ERR: 无法加载控制器:Public

[ 2018-09-12T22:01:18+08:00 ] ::1 /dy/Public/admin/static/login/js/h-ui.min.js
INFO: [ app_init ] --START--
INFO: Run Behavior\BuildLiteBehavior [ RunTime:0.000014s ]
INFO: [ app_init ] --END-- [ RunTime:0.000406s ]
INFO: [ app_begin ] --START--
INFO: Run Behavior\ReadHtmlCacheBehavior [ RunTime:0.001017s ]
INFO: [ app_begin ] --END-- [ RunTime:0.001088s ]
ERR: 无法加载控制器:Public

[ 2018-09-12T22:01:18+08:00 ] ::1 /dy/Public/admin/static/login/fonts/iconfont.woff
INFO: [ app_init ] --START--
INFO: Run Behavior\BuildLiteBehavior [ RunTime:0.000014s ]
INFO: [ app_init ] --END-- [ RunTime:0.000469s ]
INFO: [ app_begin ] --START--
INFO: Run Behavior\ReadHtmlCacheBehavior [ RunTime:0.000947s ]
INFO: [ app_begin ] --END-- [ RunTime:0.001019s ]
ERR: 无法加载控制器:Public

[ 2018-09-12T22:02:41+08:00 ] ::1 /dy/Public/admin/static/login/js/h-ui.min.js
INFO: [ app_init ] --START--
INFO: Run Behavior\BuildLiteBehavior [ RunTime:0.000026s ]
INFO: [ app_init ] --END-- [ RunTime:0.000711s ]
INFO: [ app_begin ] --START--
INFO: Run Behavior\ReadHtmlCacheBehavior [ RunTime:0.001258s ]
INFO: [ app_begin ] --END-- [ RunTime:0.001339s ]
ERR: 无法加载控制器:Public

[ 2018-09-12T22:02:41+08:00 ] ::1 /dy/Public/admin/static/login/fonts/iconfont.woff
INFO: [ app_init ] --START--
INFO: Run Behavior\BuildLiteBehavior [ RunTime:0.000020s ]
INFO: [ app_init ] --END-- [ RunTime:0.000575s ]
INFO: [ app_begin ] --START--
INFO: Run Behavior\ReadHtmlCacheBehavior [ RunTime:0.000940s ]
INFO: [ app_begin ] --END-- [ RunTime:0.001011s ]
ERR: 无法加载控制器:Public

[ 2018-09-12T22:05:38+08:00 ] ::1 /dy/Public/admin/static/login/js/h-ui.min.js
INFO: [ app_init ] --START--
INFO: Run Behavior\BuildLiteBehavior [ RunTime:0.000021s ]
INFO: [ app_init ] --END-- [ RunTime:0.000770s ]
INFO: [ app_begin ] --START--
INFO: Run Behavior\ReadHtmlCacheBehavior [ RunTime:0.000791s ]
INFO: [ app_begin ] --END-- [ RunTime:0.000856s ]
ERR: 无法加载控制器:Public

[ 2018-09-12T22:05:38+08:00 ] ::1 /dy/Public/admin/static/login/fonts/iconfont.woff
INFO: [ app_init ] --START--
INFO: Run Behavior\BuildLiteBehavior [ RunTime:0.000022s ]
INFO: [ app_init ] --END-- [ RunTime:0.000458s ]
INFO: [ app_begin ] --START--
INFO: Run Behavior\ReadHtmlCacheBehavior [ RunTime:0.000893s ]
INFO: [ app_begin ] --END-- [ RunTime:0.000968s ]
ERR: 无法加载控制器:Public

