[ 2018-09-09T00:00:45+08:00 ] ::1 /dy/admin/index/upeverydata
INFO: [ app_init ] --START--
INFO: Run Behavior\BuildLiteBehavior [ RunTime:0.000018s ]
INFO: [ app_init ] --END-- [ RunTime:0.000553s ]
INFO: [ app_begin ] --START--
INFO: Run Behavior\ReadHtmlCacheBehavior [ RunTime:0.000859s ]
INFO: [ app_begin ] --END-- [ RunTime:0.000940s ]
SQL: SHOW COLUMNS FROM `dy_shop` [ RunTime:0.0296s ]
SQL: SELECT `did` FROM `dy_shop`  [ RunTime:0.0004s ]
SQL: SHOW COLUMNS FROM `dy_gailv` [ RunTime:0.0112s ]
SQL: SELECT * FROM `dy_gailv` WHERE ( g_sid=1 ) LIMIT 1   [ RunTime:0.0004s ]
SQL: SHOW COLUMNS FROM `dy_plan` [ RunTime:0.0087s ]
SQL: SELECT * FROM `dy_plan` WHERE ( p_sid=1 and p_status=1 and p_price >0 ) LIMIT 1   [ RunTime:0.0003s ]
SQL: SHOW COLUMNS FROM `dy_everyday` [ RunTime:0.0088s ]
SQL: INSERT INTO `dy_everyday` (`e_shownum`,`e_clicknum`,`e_usenum`,`e_planname`,`e_sid`,`e_time`,`e_usetime`) VALUES ('0','0','0',NULL,'1','1536422445','2018-09-09') [ RunTime:0.0036s ]
SQL: SELECT * FROM `dy_gailv` WHERE ( g_sid=2 ) LIMIT 1   [ RunTime:0.0004s ]
SQL: SELECT * FROM `dy_plan` WHERE ( p_sid=2 and p_status=1 and p_price >0 ) LIMIT 1   [ RunTime:0.0003s ]
SQL: INSERT INTO `dy_everyday` (`e_shownum`,`e_clicknum`,`e_usenum`,`e_planname`,`e_sid`,`e_time`,`e_usetime`) VALUES ('0','0','0',NULL,'2','1536422445','2018-09-09') [ RunTime:0.0033s ]
SQL: SELECT * FROM `dy_gailv` WHERE ( g_sid=4 ) LIMIT 1   [ RunTime:0.0004s ]
SQL: SELECT * FROM `dy_plan` WHERE ( p_sid=4 and p_status=1 and p_price >0 ) LIMIT 1   [ RunTime:0.0004s ]
SQL: INSERT INTO `dy_everyday` (`e_shownum`,`e_clicknum`,`e_usenum`,`e_planname`,`e_sid`,`e_time`,`e_usetime`) VALUES ('0','0','0',NULL,'4','1536422445','2018-09-09') [ RunTime:0.0032s ]
SQL: SELECT * FROM `dy_gailv` WHERE ( g_sid=5 ) LIMIT 1   [ RunTime:0.0005s ]
SQL: SELECT * FROM `dy_plan` WHERE ( p_sid=5 and p_status=1 and p_price >0 ) LIMIT 1   [ RunTime:0.0003s ]
SQL: INSERT INTO `dy_everyday` (`e_shownum`,`e_clicknum`,`e_usenum`,`e_planname`,`e_sid`,`e_time`,`e_usetime`) VALUES ('626','29','191.1','靠1','5','1536422445','2018-09-09') [ RunTime:0.0033s ]
INFO: [ app_end ] --START--
INFO: Run Behavior\ShowPageTraceBehavior [ RunTime:0.001044s ]
INFO: [ app_end ] --END-- [ RunTime:0.001089s ]

[ 2018-09-09T00:02:21+08:00 ] ::1 /dy/admin/index/upeverydata
INFO: [ app_init ] --START--
INFO: Run Behavior\BuildLiteBehavior [ RunTime:0.000018s ]
INFO: [ app_init ] --END-- [ RunTime:0.000632s ]
INFO: [ app_begin ] --START--
INFO: Run Behavior\ReadHtmlCacheBehavior [ RunTime:0.001131s ]
INFO: [ app_begin ] --END-- [ RunTime:0.001197s ]
SQL: SHOW COLUMNS FROM `dy_shop` [ RunTime:0.0271s ]
SQL: SELECT `did` FROM `dy_shop`  [ RunTime:0.0004s ]
SQL: SHOW COLUMNS FROM `dy_gailv` [ RunTime:0.0112s ]
SQL: SELECT * FROM `dy_gailv` WHERE ( g_sid=1 ) LIMIT 1   [ RunTime:0.0004s ]
SQL: SHOW COLUMNS FROM `dy_plan` [ RunTime:0.0091s ]
SQL: SELECT * FROM `dy_plan` WHERE ( p_sid=1 and p_status=1 and p_price >0 ) LIMIT 1   [ RunTime:0.0005s ]
SQL: SELECT `p_name` FROM `dy_plan` WHERE ( p_sid=1 ) LIMIT 1   [ RunTime:0.0003s ]
SQL: SHOW COLUMNS FROM `dy_everyday` [ RunTime:0.0091s ]
SQL: INSERT INTO `dy_everyday` (`e_shownum`,`e_clicknum`,`e_usenum`,`e_planname`,`e_sid`,`e_time`,`e_usetime`) VALUES ('0','0','0',NULL,'1','1536422541','2018-09-09') [ RunTime:0.0035s ]
SQL: SELECT * FROM `dy_gailv` WHERE ( g_sid=2 ) LIMIT 1   [ RunTime:0.0005s ]
SQL: SELECT * FROM `dy_plan` WHERE ( p_sid=2 and p_status=1 and p_price >0 ) LIMIT 1   [ RunTime:0.0004s ]
SQL: SELECT `p_name` FROM `dy_plan` WHERE ( p_sid=2 ) LIMIT 1   [ RunTime:0.0003s ]
SQL: INSERT INTO `dy_everyday` (`e_shownum`,`e_clicknum`,`e_usenum`,`e_planname`,`e_sid`,`e_time`,`e_usetime`) VALUES ('0','0','0',NULL,'2','1536422541','2018-09-09') [ RunTime:0.0036s ]
SQL: SELECT * FROM `dy_gailv` WHERE ( g_sid=4 ) LIMIT 1   [ RunTime:0.0006s ]
SQL: SELECT * FROM `dy_plan` WHERE ( p_sid=4 and p_status=1 and p_price >0 ) LIMIT 1   [ RunTime:0.0004s ]
SQL: SELECT `p_name` FROM `dy_plan` WHERE ( p_sid=4 ) LIMIT 1   [ RunTime:0.0002s ]
SQL: INSERT INTO `dy_everyday` (`e_shownum`,`e_clicknum`,`e_usenum`,`e_planname`,`e_sid`,`e_time`,`e_usetime`) VALUES ('0','0','0','棋牌','4','1536422541','2018-09-09') [ RunTime:0.0037s ]
SQL: SELECT * FROM `dy_gailv` WHERE ( g_sid=5 ) LIMIT 1   [ RunTime:0.0005s ]
SQL: SELECT * FROM `dy_plan` WHERE ( p_sid=5 and p_status=1 and p_price >0 ) LIMIT 1   [ RunTime:0.0003s ]
SQL: SELECT `p_name` FROM `dy_plan` WHERE ( p_sid=5 ) LIMIT 1   [ RunTime:0.0002s ]
SQL: INSERT INTO `dy_everyday` (`e_shownum`,`e_clicknum`,`e_usenum`,`e_planname`,`e_sid`,`e_time`,`e_usetime`) VALUES ('693','26','244.02','靠1','5','1536422541','2018-09-09') [ RunTime:0.0034s ]
INFO: [ app_end ] --START--
INFO: Run Behavior\ShowPageTraceBehavior [ RunTime:0.001011s ]
INFO: [ app_end ] --END-- [ RunTime:0.001053s ]

[ 2018-09-09T00:04:16+08:00 ] ::1 /dy/admin/index/upeverydata
INFO: [ app_init ] --START--
INFO: Run Behavior\BuildLiteBehavior [ RunTime:0.000013s ]
INFO: [ app_init ] --END-- [ RunTime:0.000488s ]
INFO: [ app_begin ] --START--
INFO: Run Behavior\ReadHtmlCacheBehavior [ RunTime:0.000815s ]
INFO: [ app_begin ] --END-- [ RunTime:0.000858s ]
SQL: SHOW COLUMNS FROM `dy_shop` [ RunTime:0.0338s ]
SQL: SELECT `did` FROM `dy_shop`  [ RunTime:0.0004s ]
SQL: SHOW COLUMNS FROM `dy_gailv` [ RunTime:0.0110s ]
SQL: SELECT * FROM `dy_gailv` WHERE ( g_sid=1 ) LIMIT 1   [ RunTime:0.0004s ]
SQL: SHOW COLUMNS FROM `dy_plan` [ RunTime:0.0090s ]
SQL: SELECT * FROM `dy_plan` WHERE ( p_sid=1 and p_status=1 and p_price >0 ) LIMIT 1   [ RunTime:0.0003s ]
SQL: SELECT `p_name` FROM `dy_plan` WHERE ( p_sid=1 ) LIMIT 1   [ RunTime:0.0003s ]
SQL: SHOW COLUMNS FROM `dy_everyday` [ RunTime:0.0091s ]
SQL: INSERT INTO `dy_everyday` (`e_shownum`,`e_clicknum`,`e_usenum`,`e_planname`,`e_sid`,`e_time`,`e_usetime`) VALUES ('0','0','0',NULL,'1','1536422656','2018-09-09') [ RunTime:0.0031s ]
SQL: SELECT * FROM `dy_gailv` WHERE ( g_sid=2 ) LIMIT 1   [ RunTime:0.0003s ]
SQL: SELECT * FROM `dy_plan` WHERE ( p_sid=2 and p_status=1 and p_price >0 ) LIMIT 1   [ RunTime:0.0003s ]
SQL: SELECT `p_name` FROM `dy_plan` WHERE ( p_sid=2 ) LIMIT 1   [ RunTime:0.0002s ]
SQL: INSERT INTO `dy_everyday` (`e_shownum`,`e_clicknum`,`e_usenum`,`e_planname`,`e_sid`,`e_time`,`e_usetime`) VALUES ('0','0','0',NULL,'2','1536422656','2018-09-09') [ RunTime:0.0018s ]
SQL: SELECT * FROM `dy_gailv` WHERE ( g_sid=4 ) LIMIT 1   [ RunTime:0.0003s ]
SQL: SELECT * FROM `dy_plan` WHERE ( p_sid=4 and p_status=1 and p_price >0 ) LIMIT 1   [ RunTime:0.0003s ]
SQL: SELECT `p_name` FROM `dy_plan` WHERE ( p_sid=4 ) LIMIT 1   [ RunTime:0.0002s ]
SQL: INSERT INTO `dy_everyday` (`e_shownum`,`e_clicknum`,`e_usenum`,`e_planname`,`e_sid`,`e_time`,`e_usetime`) VALUES ('0','0','0','棋牌','4','1536422656','2018-09-09') [ RunTime:0.0021s ]
SQL: SELECT * FROM `dy_gailv` WHERE ( g_sid=5 ) LIMIT 1   [ RunTime:0.0003s ]
SQL: SELECT * FROM `dy_plan` WHERE ( p_sid=5 and p_status=1 and p_price >0 ) LIMIT 1   [ RunTime:0.0003s ]
SQL: SELECT `p_name` FROM `dy_plan` WHERE ( p_sid=5 ) LIMIT 1   [ RunTime:0.0002s ]
SQL: INSERT INTO `dy_everyday` (`e_shownum`,`e_clicknum`,`e_usenum`,`e_planname`,`e_sid`,`e_time`,`e_usetime`) VALUES ('669','39','88.2','靠1','5','1536422656','2018-09-09') [ RunTime:0.0020s ]
INFO: [ app_end ] --START--
INFO: Run Behavior\ShowPageTraceBehavior [ RunTime:0.001120s ]
INFO: [ app_end ] --END-- [ RunTime:0.001174s ]

[ 2018-09-09T00:05:44+08:00 ] ::1 /dy/admin/index/upeverydata
INFO: [ app_init ] --START--
INFO: Run Behavior\BuildLiteBehavior [ RunTime:0.000023s ]
INFO: [ app_init ] --END-- [ RunTime:0.000518s ]
INFO: [ app_begin ] --START--
INFO: Run Behavior\ReadHtmlCacheBehavior [ RunTime:0.001158s ]
INFO: [ app_begin ] --END-- [ RunTime:0.001250s ]
SQL: SHOW COLUMNS FROM `dy_shop` [ RunTime:0.0301s ]
SQL: SELECT `did` FROM `dy_shop`  [ RunTime:0.0004s ]
SQL: SHOW COLUMNS FROM `dy_gailv` [ RunTime:0.0106s ]
SQL: SELECT * FROM `dy_gailv` WHERE ( g_sid=1 ) LIMIT 1   [ RunTime:0.0003s ]
SQL: SHOW COLUMNS FROM `dy_plan` [ RunTime:0.0083s ]
SQL: SELECT * FROM `dy_plan` WHERE ( p_sid=1 and p_status=1 and p_price >0 ) LIMIT 1   [ RunTime:0.0003s ]
SQL: SELECT `p_name` FROM `dy_plan` WHERE ( p_sid=1 ) LIMIT 1   [ RunTime:0.0002s ]
SQL: SELECT * FROM `dy_gailv` WHERE ( g_sid=2 ) LIMIT 1   [ RunTime:0.0003s ]
SQL: SELECT * FROM `dy_plan` WHERE ( p_sid=2 and p_status=1 and p_price >0 ) LIMIT 1   [ RunTime:0.0003s ]
SQL: SELECT `p_name` FROM `dy_plan` WHERE ( p_sid=2 ) LIMIT 1   [ RunTime:0.0002s ]
SQL: SELECT * FROM `dy_gailv` WHERE ( g_sid=4 ) LIMIT 1   [ RunTime:0.0003s ]
SQL: SELECT * FROM `dy_plan` WHERE ( p_sid=4 and p_status=1 and p_price >0 ) LIMIT 1   [ RunTime:0.0003s ]
SQL: SELECT `p_name` FROM `dy_plan` WHERE ( p_sid=4 ) LIMIT 1   [ RunTime:0.0003s ]
SQL: SHOW COLUMNS FROM `dy_everyday` [ RunTime:0.0096s ]
SQL: INSERT INTO `dy_everyday` (`e_shownum`,`e_clicknum`,`e_usenum`,`e_planname`,`e_sid`,`e_time`,`e_usetime`) VALUES ('0','0','0','棋牌','4','1536422744','2018-09-09') [ RunTime:0.0022s ]
SQL: SELECT * FROM `dy_gailv` WHERE ( g_sid=5 ) LIMIT 1   [ RunTime:0.0005s ]
SQL: SELECT * FROM `dy_plan` WHERE ( p_sid=5 and p_status=1 and p_price >0 ) LIMIT 1   [ RunTime:0.0003s ]
SQL: SELECT `p_name` FROM `dy_plan` WHERE ( p_sid=5 ) LIMIT 1   [ RunTime:0.0003s ]
SQL: INSERT INTO `dy_everyday` (`e_shownum`,`e_clicknum`,`e_usenum`,`e_planname`,`e_sid`,`e_time`,`e_usetime`) VALUES ('683','72','67.62','靠1','5','1536422744','2018-09-09') [ RunTime:0.0023s ]
INFO: [ app_end ] --START--
INFO: Run Behavior\ShowPageTraceBehavior [ RunTime:0.000990s ]
INFO: [ app_end ] --END-- [ RunTime:0.001033s ]

[ 2018-09-09T00:19:57+08:00 ] ::1 /dy/admin/index/upeverydata
INFO: [ app_init ] --START--
INFO: Run Behavior\BuildLiteBehavior [ RunTime:0.000014s ]
INFO: [ app_init ] --END-- [ RunTime:0.000448s ]
INFO: [ app_begin ] --START--
INFO: Run Behavior\ReadHtmlCacheBehavior [ RunTime:0.000662s ]
INFO: [ app_begin ] --END-- [ RunTime:0.000709s ]
SQL: SHOW COLUMNS FROM `dy_shop` [ RunTime:0.0227s ]
SQL: SELECT `did` FROM `dy_shop`  [ RunTime:0.0004s ]
SQL: SHOW COLUMNS FROM `dy_gailv` [ RunTime:0.0097s ]
SQL: SELECT * FROM `dy_gailv` WHERE ( g_sid=1 ) LIMIT 1   [ RunTime:0.0003s ]
SQL: SHOW COLUMNS FROM `dy_plan` [ RunTime:0.0100s ]
SQL: SELECT * FROM `dy_plan` WHERE ( p_sid=1 and p_status=1 and p_price >0 ) LIMIT 1   [ RunTime:0.0004s ]
SQL: SELECT `p_name` FROM `dy_plan` WHERE ( p_sid=1 ) LIMIT 1   [ RunTime:0.0003s ]
SQL: SHOW COLUMNS FROM `dy_everyday` [ RunTime:0.0091s ]
SQL: SELECT COUNT(e_usenum) AS tp_count FROM `dy_everyday` WHERE ( e_sid=1 ) LIMIT 1   [ RunTime:0.0004s ]
SQL: SELECT * FROM `dy_gailv` WHERE ( g_sid=2 ) LIMIT 1   [ RunTime:0.0003s ]
SQL: SELECT * FROM `dy_plan` WHERE ( p_sid=2 and p_status=1 and p_price >0 ) LIMIT 1   [ RunTime:0.0003s ]
SQL: SELECT `p_name` FROM `dy_plan` WHERE ( p_sid=2 ) LIMIT 1   [ RunTime:0.0003s ]
SQL: SELECT COUNT(e_usenum) AS tp_count FROM `dy_everyday` WHERE ( e_sid=2 ) LIMIT 1   [ RunTime:0.0002s ]
SQL: SELECT * FROM `dy_gailv` WHERE ( g_sid=4 ) LIMIT 1   [ RunTime:0.0002s ]
SQL: SELECT * FROM `dy_plan` WHERE ( p_sid=4 and p_status=1 and p_price >0 ) LIMIT 1   [ RunTime:0.0003s ]
SQL: SELECT `p_name` FROM `dy_plan` WHERE ( p_sid=4 ) LIMIT 1   [ RunTime:0.0003s ]
SQL: INSERT INTO `dy_everyday` (`e_shownum`,`e_clicknum`,`e_usenum`,`e_planname`,`e_sid`,`e_time`,`e_usetime`) VALUES ('0','0','0','棋牌','4','1536423597','2018-09-09') [ RunTime:0.0024s ]
SQL: SELECT COUNT(e_usenum) AS tp_count FROM `dy_everyday` WHERE ( e_sid=4 ) LIMIT 1   [ RunTime:0.0004s ]
SQL: SELECT * FROM `dy_gailv` WHERE ( g_sid=5 ) LIMIT 1   [ RunTime:0.0004s ]
SQL: SELECT * FROM `dy_plan` WHERE ( p_sid=5 and p_status=1 and p_price >0 ) LIMIT 1   [ RunTime:0.0004s ]
SQL: SELECT `p_name` FROM `dy_plan` WHERE ( p_sid=5 ) LIMIT 1   [ RunTime:0.0003s ]
SQL: INSERT INTO `dy_everyday` (`e_shownum`,`e_clicknum`,`e_usenum`,`e_planname`,`e_sid`,`e_time`,`e_usetime`) VALUES ('679','59','126.42','靠1','5','1536423597','2018-09-09') [ RunTime:0.0024s ]
SQL: SELECT COUNT(e_usenum) AS tp_count FROM `dy_everyday` WHERE ( e_sid=5 ) LIMIT 1   [ RunTime:0.0004s ]
INFO: [ app_end ] --START--
INFO: Run Behavior\ShowPageTraceBehavior [ RunTime:0.000905s ]
INFO: [ app_end ] --END-- [ RunTime:0.000940s ]

[ 2018-09-09T00:21:26+08:00 ] ::1 /dy/admin/index/upeverydata
INFO: [ app_init ] --START--
INFO: Run Behavior\BuildLiteBehavior [ RunTime:0.000011s ]
INFO: [ app_init ] --END-- [ RunTime:0.000528s ]
INFO: [ app_begin ] --START--
INFO: Run Behavior\ReadHtmlCacheBehavior [ RunTime:0.000830s ]
INFO: [ app_begin ] --END-- [ RunTime:0.000874s ]
SQL: SHOW COLUMNS FROM `dy_shop` [ RunTime:0.0246s ]
SQL: SELECT `did` FROM `dy_shop`  [ RunTime:0.0004s ]
SQL: SHOW COLUMNS FROM `dy_gailv` [ RunTime:0.0123s ]
SQL: SELECT * FROM `dy_gailv` WHERE ( g_sid=1 ) LIMIT 1   [ RunTime:0.0004s ]
SQL: SHOW COLUMNS FROM `dy_plan` [ RunTime:0.0089s ]
SQL: SELECT * FROM `dy_plan` WHERE ( p_sid=1 and p_status=1 and p_price >0 ) LIMIT 1   [ RunTime:0.0003s ]
SQL: SELECT `p_name` FROM `dy_plan` WHERE ( p_sid=1 ) LIMIT 1   [ RunTime:0.0002s ]
SQL: SHOW COLUMNS FROM `dy_everyday` [ RunTime:0.0094s ]
SQL: SELECT SUM(e_usenum) AS tp_sum FROM `dy_everyday` WHERE ( e_sid=1 ) LIMIT 1   [ RunTime:0.0005s ]
SQL: SELECT * FROM `dy_gailv` WHERE ( g_sid=2 ) LIMIT 1   [ RunTime:0.0003s ]
SQL: SELECT * FROM `dy_plan` WHERE ( p_sid=2 and p_status=1 and p_price >0 ) LIMIT 1   [ RunTime:0.0003s ]
SQL: SELECT `p_name` FROM `dy_plan` WHERE ( p_sid=2 ) LIMIT 1   [ RunTime:0.0003s ]
SQL: SELECT SUM(e_usenum) AS tp_sum FROM `dy_everyday` WHERE ( e_sid=2 ) LIMIT 1   [ RunTime:0.0003s ]
SQL: SELECT * FROM `dy_gailv` WHERE ( g_sid=4 ) LIMIT 1   [ RunTime:0.0003s ]
SQL: SELECT * FROM `dy_plan` WHERE ( p_sid=4 and p_status=1 and p_price >0 ) LIMIT 1   [ RunTime:0.0003s ]
SQL: SELECT `p_name` FROM `dy_plan` WHERE ( p_sid=4 ) LIMIT 1   [ RunTime:0.0002s ]
SQL: INSERT INTO `dy_everyday` (`e_shownum`,`e_clicknum`,`e_usenum`,`e_planname`,`e_sid`,`e_time`,`e_usetime`) VALUES ('0','0','0','棋牌','4','1536423686','2018-09-09') [ RunTime:0.0025s ]
SQL: SELECT SUM(e_usenum) AS tp_sum FROM `dy_everyday` WHERE ( e_sid=4 ) LIMIT 1   [ RunTime:0.0005s ]
SQL: SELECT * FROM `dy_gailv` WHERE ( g_sid=5 ) LIMIT 1   [ RunTime:0.0003s ]
SQL: SELECT * FROM `dy_plan` WHERE ( p_sid=5 and p_status=1 and p_price >0 ) LIMIT 1   [ RunTime:0.0003s ]
SQL: SELECT `p_name` FROM `dy_plan` WHERE ( p_sid=5 ) LIMIT 1   [ RunTime:0.0003s ]
SQL: INSERT INTO `dy_everyday` (`e_shownum`,`e_clicknum`,`e_usenum`,`e_planname`,`e_sid`,`e_time`,`e_usetime`) VALUES ('645','83','191.1','靠1','5','1536423686','2018-09-09') [ RunTime:0.0021s ]
SQL: SELECT SUM(e_usenum) AS tp_sum FROM `dy_everyday` WHERE ( e_sid=5 ) LIMIT 1   [ RunTime:0.0005s ]
INFO: [ app_end ] --START--
INFO: Run Behavior\ShowPageTraceBehavior [ RunTime:0.001105s ]
INFO: [ app_end ] --END-- [ RunTime:0.001146s ]

[ 2018-09-09T00:23:33+08:00 ] ::1 /dy/admin/index/upeverydata
INFO: [ app_init ] --START--
INFO: Run Behavior\BuildLiteBehavior [ RunTime:0.000022s ]
INFO: [ app_init ] --END-- [ RunTime:0.000726s ]
INFO: [ app_begin ] --START--
INFO: Run Behavior\ReadHtmlCacheBehavior [ RunTime:0.000923s ]
INFO: [ app_begin ] --END-- [ RunTime:0.001028s ]
SQL: SHOW COLUMNS FROM `dy_shop` [ RunTime:0.0308s ]
SQL: SELECT `did` FROM `dy_shop`  [ RunTime:0.0004s ]
SQL: SHOW COLUMNS FROM `dy_gailv` [ RunTime:0.0097s ]
SQL: SELECT * FROM `dy_gailv` WHERE ( g_sid=1 ) LIMIT 1   [ RunTime:0.0004s ]
SQL: SHOW COLUMNS FROM `dy_plan` [ RunTime:0.0085s ]
SQL: SELECT * FROM `dy_plan` WHERE ( p_sid=1 and p_status=1 and p_price >0 ) LIMIT 1   [ RunTime:0.0003s ]
SQL: SELECT `p_name` FROM `dy_plan` WHERE ( p_sid=1 ) LIMIT 1   [ RunTime:0.0002s ]
NOTIC: [8] Undefined index: e_usenum H:\Phpdemo\dy\Admin\Controller\IndexController.class.php 第 93 行.
SQL: SELECT * FROM `dy_gailv` WHERE ( g_sid=2 ) LIMIT 1   [ RunTime:0.0003s ]
SQL: SELECT * FROM `dy_plan` WHERE ( p_sid=2 and p_status=1 and p_price >0 ) LIMIT 1   [ RunTime:0.0003s ]
SQL: SELECT `p_name` FROM `dy_plan` WHERE ( p_sid=2 ) LIMIT 1   [ RunTime:0.0003s ]
NOTIC: [8] Undefined index: e_usenum H:\Phpdemo\dy\Admin\Controller\IndexController.class.php 第 93 行.
SQL: SELECT * FROM `dy_gailv` WHERE ( g_sid=4 ) LIMIT 1   [ RunTime:0.0002s ]
SQL: SELECT * FROM `dy_plan` WHERE ( p_sid=4 and p_status=1 and p_price >0 ) LIMIT 1   [ RunTime:0.0003s ]
SQL: SELECT `p_name` FROM `dy_plan` WHERE ( p_sid=4 ) LIMIT 1   [ RunTime:0.0003s ]
SQL: SHOW COLUMNS FROM `dy_everyday` [ RunTime:0.0086s ]
SQL: INSERT INTO `dy_everyday` (`e_shownum`,`e_clicknum`,`e_usenum`,`e_planname`,`e_sid`,`e_time`,`e_usetime`) VALUES ('0','0','0','棋牌','4','1536423812','2018-09-09') [ RunTime:0.0028s ]
SQL: SELECT * FROM `dy_gailv` WHERE ( g_sid=5 ) LIMIT 1   [ RunTime:0.0004s ]
SQL: SELECT * FROM `dy_plan` WHERE ( p_sid=5 and p_status=1 and p_price >0 ) LIMIT 1   [ RunTime:0.0003s ]
SQL: SELECT `p_name` FROM `dy_plan` WHERE ( p_sid=5 ) LIMIT 1   [ RunTime:0.0002s ]
SQL: INSERT INTO `dy_everyday` (`e_shownum`,`e_clicknum`,`e_usenum`,`e_planname`,`e_sid`,`e_time`,`e_usetime`) VALUES ('659','34','217.56','靠1','5','1536423813','2018-09-09') [ RunTime:0.0031s ]
SQL: SELECT SUM(e_usenum) AS tp_sum FROM `dy_everyday` WHERE ( e_sid=5 ) LIMIT 1   [ RunTime:0.0004s ]
INFO: [ app_end ] --START--
INFO: Run Behavior\ShowPageTraceBehavior [ RunTime:0.000920s ]
INFO: [ app_end ] --END-- [ RunTime:0.000957s ]

[ 2018-09-09T00:24:24+08:00 ] ::1 /dy/admin/index/upeverydata
INFO: [ app_init ] --START--
INFO: Run Behavior\BuildLiteBehavior [ RunTime:0.000028s ]
INFO: [ app_init ] --END-- [ RunTime:0.000735s ]
INFO: [ app_begin ] --START--
INFO: Run Behavior\ReadHtmlCacheBehavior [ RunTime:0.001261s ]
INFO: [ app_begin ] --END-- [ RunTime:0.001336s ]
SQL: SHOW COLUMNS FROM `dy_shop` [ RunTime:0.0358s ]
SQL: SELECT `did` FROM `dy_shop`  [ RunTime:0.0004s ]
SQL: SHOW COLUMNS FROM `dy_gailv` [ RunTime:0.0112s ]
SQL: SELECT * FROM `dy_gailv` WHERE ( g_sid=1 ) LIMIT 1   [ RunTime:0.0004s ]
SQL: SHOW COLUMNS FROM `dy_plan` [ RunTime:0.0085s ]
SQL: SELECT * FROM `dy_plan` WHERE ( p_sid=1 and p_status=1 and p_price >0 ) LIMIT 1   [ RunTime:0.0004s ]
SQL: SELECT `p_name` FROM `dy_plan` WHERE ( p_sid=1 ) LIMIT 1   [ RunTime:0.0002s ]
NOTIC: [8] Undefined index: e_usenum H:\Phpdemo\dy\Admin\Controller\IndexController.class.php 第 93 行.
SQL: SELECT * FROM `dy_gailv` WHERE ( g_sid=2 ) LIMIT 1   [ RunTime:0.0003s ]
SQL: SELECT * FROM `dy_plan` WHERE ( p_sid=2 and p_status=1 and p_price >0 ) LIMIT 1   [ RunTime:0.0003s ]
SQL: SELECT `p_name` FROM `dy_plan` WHERE ( p_sid=2 ) LIMIT 1   [ RunTime:0.0003s ]
NOTIC: [8] Undefined index: e_usenum H:\Phpdemo\dy\Admin\Controller\IndexController.class.php 第 93 行.
SQL: SELECT * FROM `dy_gailv` WHERE ( g_sid=4 ) LIMIT 1   [ RunTime:0.0003s ]
SQL: SELECT * FROM `dy_plan` WHERE ( p_sid=4 and p_status=1 and p_price >0 ) LIMIT 1   [ RunTime:0.0003s ]
SQL: SELECT `p_name` FROM `dy_plan` WHERE ( p_sid=4 ) LIMIT 1   [ RunTime:0.0002s ]
SQL: SHOW COLUMNS FROM `dy_everyday` [ RunTime:0.0091s ]
SQL: INSERT INTO `dy_everyday` (`e_shownum`,`e_clicknum`,`e_usenum`,`e_planname`,`e_sid`,`e_time`,`e_usetime`) VALUES ('0','0','0','棋牌','4','1536423864','2018-09-09') [ RunTime:0.0035s ]
SQL: SELECT * FROM `dy_gailv` WHERE ( g_sid=5 ) LIMIT 1   [ RunTime:0.0003s ]
SQL: SELECT * FROM `dy_plan` WHERE ( p_sid=5 and p_status=1 and p_price >0 ) LIMIT 1   [ RunTime:0.0003s ]
SQL: SELECT `p_name` FROM `dy_plan` WHERE ( p_sid=5 ) LIMIT 1   [ RunTime:0.0002s ]
SQL: INSERT INTO `dy_everyday` (`e_shownum`,`e_clicknum`,`e_usenum`,`e_planname`,`e_sid`,`e_time`,`e_usetime`) VALUES ('622','68','138.18','靠1','5','1536423864','2018-09-09') [ RunTime:0.0028s ]
SQL: SELECT SUM(e_usenum) AS tp_sum FROM `dy_everyday` WHERE ( e_sid=5 ) LIMIT 1   [ RunTime:0.0003s ]
INFO: [ app_end ] --START--
INFO: Run Behavior\ShowPageTraceBehavior [ RunTime:0.000878s ]
INFO: [ app_end ] --END-- [ RunTime:0.000914s ]

[ 2018-09-09T00:29:56+08:00 ] ::1 /dy/admin/index/upeverydata
INFO: [ app_init ] --START--
INFO: Run Behavior\BuildLiteBehavior [ RunTime:0.000017s ]
INFO: [ app_init ] --END-- [ RunTime:0.000634s ]
INFO: [ app_begin ] --START--
INFO: Run Behavior\ReadHtmlCacheBehavior [ RunTime:0.001132s ]
INFO: [ app_begin ] --END-- [ RunTime:0.001202s ]
SQL: SHOW COLUMNS FROM `dy_shop` [ RunTime:0.0258s ]
SQL: SELECT `did` FROM `dy_shop`  [ RunTime:0.0005s ]
SQL: SHOW COLUMNS FROM `dy_gailv` [ RunTime:0.0109s ]
SQL: SELECT * FROM `dy_gailv` WHERE ( g_sid=1 ) LIMIT 1   [ RunTime:0.0003s ]
SQL: SHOW COLUMNS FROM `dy_plan` [ RunTime:0.0097s ]
SQL: SELECT * FROM `dy_plan` WHERE ( p_sid=1 and p_status=1 and p_price >0 ) LIMIT 1   [ RunTime:0.0003s ]
SQL: SELECT `p_name` FROM `dy_plan` WHERE ( p_sid=1 ) LIMIT 1   [ RunTime:0.0002s ]
NOTIC: [8] Undefined index: e_usenum H:\Phpdemo\dy\Admin\Controller\IndexController.class.php 第 93 行.
SQL: SELECT * FROM `dy_gailv` WHERE ( g_sid=2 ) LIMIT 1   [ RunTime:0.0004s ]
SQL: SELECT * FROM `dy_plan` WHERE ( p_sid=2 and p_status=1 and p_price >0 ) LIMIT 1   [ RunTime:0.0003s ]
SQL: SELECT `p_name` FROM `dy_plan` WHERE ( p_sid=2 ) LIMIT 1   [ RunTime:0.0003s ]
NOTIC: [8] Undefined index: e_usenum H:\Phpdemo\dy\Admin\Controller\IndexController.class.php 第 93 行.
SQL: SELECT * FROM `dy_gailv` WHERE ( g_sid=4 ) LIMIT 1   [ RunTime:0.0004s ]
SQL: SELECT * FROM `dy_plan` WHERE ( p_sid=4 and p_status=1 and p_price >0 ) LIMIT 1   [ RunTime:0.0004s ]
SQL: SELECT `p_name` FROM `dy_plan` WHERE ( p_sid=4 ) LIMIT 1   [ RunTime:0.0003s ]
SQL: SHOW COLUMNS FROM `dy_everyday` [ RunTime:0.0091s ]
SQL: INSERT INTO `dy_everyday` (`e_shownum`,`e_clicknum`,`e_usenum`,`e_planname`,`e_sid`,`e_time`,`e_usetime`) VALUES ('0','0','0','棋牌','4','1536424196','2018-09-09') [ RunTime:0.0036s ]
SQL: SELECT * FROM `dy_gailv` WHERE ( g_sid=5 ) LIMIT 1   [ RunTime:0.0005s ]
SQL: SELECT * FROM `dy_plan` WHERE ( p_sid=5 and p_status=1 and p_price >0 ) LIMIT 1   [ RunTime:0.0004s ]
SQL: SELECT `p_name` FROM `dy_plan` WHERE ( p_sid=5 ) LIMIT 1   [ RunTime:0.0003s ]
SQL: INSERT INTO `dy_everyday` (`e_shownum`,`e_clicknum`,`e_usenum`,`e_planname`,`e_sid`,`e_time`,`e_usetime`) VALUES ('700','37','82.32','靠1','5','1536424196','2018-09-09') [ RunTime:0.0031s ]
SQL: SELECT SUM(e_usenum) AS tp_sum FROM `dy_everyday` WHERE ( e_sid=5 ) LIMIT 1   [ RunTime:0.0004s ]
SQL: SELECT `dyue` FROM `dy_shop` WHERE ( did=5 ) LIMIT 1   [ RunTime:0.0003s ]
SQL: UPDATE `dy_shop` SET `dyue`='4917.68' WHERE ( did=5 ) [ RunTime:0.0033s ]
INFO: [ app_end ] --START--
INFO: Run Behavior\ShowPageTraceBehavior [ RunTime:0.001054s ]
INFO: [ app_end ] --END-- [ RunTime:0.001099s ]

