[ 2018-09-11T00:05:24+08:00 ] ::1 /dy/Admin/Adplan/index.html?did=2
INFO: [ app_init ] --START--
INFO: Run Behavior\BuildLiteBehavior [ RunTime:0.000017s ]
INFO: [ app_init ] --END-- [ RunTime:0.000569s ]
INFO: [ app_begin ] --START--
INFO: Run Behavior\ReadHtmlCacheBehavior [ RunTime:0.001068s ]
INFO: [ app_begin ] --END-- [ RunTime:0.001128s ]
SQL: SHOW COLUMNS FROM `dy_plan` [ RunTime:0.0363s ]
SQL: SELECT * FROM `dy_plan` WHERE ( p_sid=2 ) LIMIT 1   [ RunTime:0.0009s ]

[ 2018-09-11T00:06:15+08:00 ] ::1 /dy/Admin/Adplan/index.html?did=2
INFO: [ app_init ] --START--
INFO: Run Behavior\BuildLiteBehavior [ RunTime:0.000015s ]
INFO: [ app_init ] --END-- [ RunTime:0.000668s ]
INFO: [ app_begin ] --START--
INFO: Run Behavior\ReadHtmlCacheBehavior [ RunTime:0.001075s ]
INFO: [ app_begin ] --END-- [ RunTime:0.001127s ]
SQL: SHOW COLUMNS FROM `dy_plan` [ RunTime:0.0565s ]
SQL: SELECT * FROM `dy_plan` WHERE ( p_sid=2 ) LIMIT 1   [ RunTime:0.0016s ]

[ 2018-09-11T00:07:43+08:00 ] ::1 /dy/Admin/Adplan/index.html?did=2
INFO: [ app_init ] --START--
INFO: Run Behavior\BuildLiteBehavior [ RunTime:0.000019s ]
INFO: [ app_init ] --END-- [ RunTime:0.000641s ]
INFO: [ app_begin ] --START--
INFO: Run Behavior\ReadHtmlCacheBehavior [ RunTime:0.001153s ]
INFO: [ app_begin ] --END-- [ RunTime:0.001214s ]
SQL: SHOW COLUMNS FROM `dy_plan` [ RunTime:0.0591s ]
SQL: SELECT * FROM `dy_plan` WHERE ( p_sid=2 ) LIMIT 1   [ RunTime:0.0016s ]
NOTIC: [8] A non well formed numeric value encountered H:\Phpdemo\dy\Admin\Controller\AdplanController.class.php 第 27 行.
SQL: SHOW COLUMNS FROM `dy_tguitl` [ RunTime:0.0267s ]
SQL: SELECT * FROM `dy_tguitl` WHERE ( u_did=1 )  [ RunTime:0.0006s ]
SQL: SHOW COLUMNS FROM `dy_chuanyi` [ RunTime:0.0126s ]
SQL: SELECT COUNT(*) AS tp_count FROM `dy_chuanyi` WHERE ( c_danid=1 and c_status=1 ) LIMIT 1   [ RunTime:0.0004s ]
SQL: UPDATE `dy_plan` SET `p_price`='1.18' WHERE ( p_sid=2 ) [ RunTime:0.0035s ]
INFO: [ view_parse ] --START--
INFO: [ template_filter ] --START--
INFO: Run Behavior\ContentReplaceBehavior [ RunTime:0.000062s ]
INFO: [ template_filter ] --END-- [ RunTime:0.000113s ]
INFO: Run Behavior\ParseTemplateBehavior [ RunTime:0.011936s ]
INFO: [ view_parse ] --END-- [ RunTime:0.011995s ]
INFO: [ view_filter ] --START--
INFO: Run Behavior\WriteHtmlCacheBehavior [ RunTime:0.000829s ]
INFO: [ view_filter ] --END-- [ RunTime:0.000869s ]
INFO: [ app_end ] --START--
INFO: Run Behavior\ShowPageTraceBehavior [ RunTime:0.001079s ]
INFO: [ app_end ] --END-- [ RunTime:0.001123s ]

[ 2018-09-11T00:09:02+08:00 ] ::1 /dy/Admin/Adplan/index.html?did=2
INFO: [ app_init ] --START--
INFO: Run Behavior\BuildLiteBehavior [ RunTime:0.000015s ]
INFO: [ app_init ] --END-- [ RunTime:0.000459s ]
INFO: [ app_begin ] --START--
INFO: Run Behavior\ReadHtmlCacheBehavior [ RunTime:0.000808s ]
INFO: [ app_begin ] --END-- [ RunTime:0.000855s ]
SQL: SHOW COLUMNS FROM `dy_plan` [ RunTime:0.0584s ]
SQL: SELECT * FROM `dy_plan` WHERE ( p_sid=2 ) LIMIT 1   [ RunTime:0.0018s ]
NOTIC: [8] A non well formed numeric value encountered H:\Phpdemo\dy\Admin\Controller\AdplanController.class.php 第 28 行.
SQL: SHOW COLUMNS FROM `dy_tguitl` [ RunTime:0.0552s ]
SQL: SELECT * FROM `dy_tguitl` WHERE ( u_did=1 )  [ RunTime:0.0017s ]
SQL: SHOW COLUMNS FROM `dy_chuanyi` [ RunTime:0.0496s ]
SQL: SELECT COUNT(*) AS tp_count FROM `dy_chuanyi` WHERE ( c_danid=1 and c_status=1 ) LIMIT 1   [ RunTime:0.0014s ]
SQL: UPDATE `dy_plan` SET `p_price`='1.18' WHERE ( p_sid=2 ) [ RunTime:0.0052s ]
INFO: [ view_parse ] --START--
INFO: [ template_filter ] --START--
INFO: Run Behavior\ContentReplaceBehavior [ RunTime:0.000164s ]
INFO: [ template_filter ] --END-- [ RunTime:0.000301s ]
INFO: Run Behavior\ParseTemplateBehavior [ RunTime:0.039382s ]
INFO: [ view_parse ] --END-- [ RunTime:0.039562s ]
INFO: [ view_filter ] --START--
INFO: Run Behavior\WriteHtmlCacheBehavior [ RunTime:0.001949s ]
INFO: [ view_filter ] --END-- [ RunTime:0.002054s ]
INFO: [ app_end ] --START--
INFO: Run Behavior\ShowPageTraceBehavior [ RunTime:0.003211s ]
INFO: [ app_end ] --END-- [ RunTime:0.003334s ]

[ 2018-09-11T00:09:36+08:00 ] ::1 /dy/Admin/Adplan/index.html?did=2
INFO: [ app_init ] --START--
INFO: Run Behavior\BuildLiteBehavior [ RunTime:0.000015s ]
INFO: [ app_init ] --END-- [ RunTime:0.000637s ]
INFO: [ app_begin ] --START--
INFO: Run Behavior\ReadHtmlCacheBehavior [ RunTime:0.001055s ]
INFO: [ app_begin ] --END-- [ RunTime:0.001109s ]
SQL: SHOW COLUMNS FROM `dy_plan` [ RunTime:0.0516s ]
SQL: SELECT * FROM `dy_plan` WHERE ( p_sid=2 ) LIMIT 1   [ RunTime:0.0007s ]
NOTIC: [8] A non well formed numeric value encountered H:\Phpdemo\dy\Admin\Controller\AdplanController.class.php 第 28 行.
SQL: SHOW COLUMNS FROM `dy_tguitl` [ RunTime:0.0153s ]
SQL: SELECT * FROM `dy_tguitl` WHERE ( u_did=1 )  [ RunTime:0.0004s ]
SQL: SHOW COLUMNS FROM `dy_chuanyi` [ RunTime:0.0122s ]
SQL: SELECT COUNT(*) AS tp_count FROM `dy_chuanyi` WHERE ( c_danid=1 and c_status=1 ) LIMIT 1   [ RunTime:0.0004s ]
SQL: UPDATE `dy_plan` SET `p_price`='1.18' WHERE ( p_sid=2 ) [ RunTime:0.0024s ]
INFO: [ view_parse ] --START--
INFO: [ template_filter ] --START--
INFO: Run Behavior\ContentReplaceBehavior [ RunTime:0.000063s ]
INFO: [ template_filter ] --END-- [ RunTime:0.000111s ]
INFO: Run Behavior\ParseTemplateBehavior [ RunTime:0.010138s ]
INFO: [ view_parse ] --END-- [ RunTime:0.010200s ]
INFO: [ view_filter ] --START--
INFO: Run Behavior\WriteHtmlCacheBehavior [ RunTime:0.000803s ]
INFO: [ view_filter ] --END-- [ RunTime:0.000856s ]
INFO: [ app_end ] --START--
INFO: Run Behavior\ShowPageTraceBehavior [ RunTime:0.001104s ]
INFO: [ app_end ] --END-- [ RunTime:0.001154s ]

[ 2018-09-11T00:10:01+08:00 ] ::1 /dy/Admin/Adplan/index.html?did=2
INFO: [ app_init ] --START--
INFO: Run Behavior\BuildLiteBehavior [ RunTime:0.000015s ]
INFO: [ app_init ] --END-- [ RunTime:0.000532s ]
INFO: [ app_begin ] --START--
INFO: Run Behavior\ReadHtmlCacheBehavior [ RunTime:0.001257s ]
INFO: [ app_begin ] --END-- [ RunTime:0.001327s ]
SQL: SHOW COLUMNS FROM `dy_plan` [ RunTime:0.0386s ]
SQL: SELECT * FROM `dy_plan` WHERE ( p_sid=2 ) LIMIT 1   [ RunTime:0.0014s ]
SQL: SHOW COLUMNS FROM `dy_tguitl` [ RunTime:0.0415s ]
SQL: SELECT * FROM `dy_tguitl` WHERE ( u_did=1 )  [ RunTime:0.0013s ]
SQL: SHOW COLUMNS FROM `dy_chuanyi` [ RunTime:0.0427s ]
SQL: SELECT COUNT(*) AS tp_count FROM `dy_chuanyi` WHERE ( c_danid=1 and c_status=1 ) LIMIT 1   [ RunTime:0.0010s ]
SQL: UPDATE `dy_plan` SET `p_price`='1.18' WHERE ( p_sid=2 ) [ RunTime:0.0030s ]
INFO: [ view_parse ] --START--
INFO: [ template_filter ] --START--
INFO: Run Behavior\ContentReplaceBehavior [ RunTime:0.000250s ]
INFO: [ template_filter ] --END-- [ RunTime:0.000443s ]
INFO: Run Behavior\ParseTemplateBehavior [ RunTime:0.047453s ]
INFO: [ view_parse ] --END-- [ RunTime:0.047712s ]
INFO: [ view_filter ] --START--
INFO: Run Behavior\WriteHtmlCacheBehavior [ RunTime:0.004012s ]
INFO: [ view_filter ] --END-- [ RunTime:0.004186s ]
INFO: [ app_end ] --START--
INFO: Run Behavior\ShowPageTraceBehavior [ RunTime:0.004822s ]
INFO: [ app_end ] --END-- [ RunTime:0.005010s ]

[ 2018-09-11T00:10:12+08:00 ] ::1 /dy/Admin/Adplan/index.html?did=2
INFO: [ app_init ] --START--
INFO: Run Behavior\BuildLiteBehavior [ RunTime:0.000015s ]
INFO: [ app_init ] --END-- [ RunTime:0.000458s ]
INFO: [ app_begin ] --START--
INFO: Run Behavior\ReadHtmlCacheBehavior [ RunTime:0.000938s ]
INFO: [ app_begin ] --END-- [ RunTime:0.000990s ]
SQL: SHOW COLUMNS FROM `dy_plan` [ RunTime:0.0687s ]
SQL: SELECT * FROM `dy_plan` WHERE ( p_sid=2 ) LIMIT 1   [ RunTime:0.0016s ]
SQL: SHOW COLUMNS FROM `dy_tguitl` [ RunTime:0.0373s ]
SQL: SELECT * FROM `dy_tguitl` WHERE ( u_did=1 )  [ RunTime:0.0006s ]
SQL: SHOW COLUMNS FROM `dy_chuanyi` [ RunTime:0.0177s ]
SQL: SELECT COUNT(*) AS tp_count FROM `dy_chuanyi` WHERE ( c_danid=1 and c_status=1 ) LIMIT 1   [ RunTime:0.0005s ]
SQL: UPDATE `dy_plan` SET `p_price`='1.18' WHERE ( p_sid=2 ) [ RunTime:0.0025s ]
INFO: [ view_parse ] --START--
INFO: [ template_filter ] --START--
INFO: Run Behavior\ContentReplaceBehavior [ RunTime:0.000116s ]
INFO: [ template_filter ] --END-- [ RunTime:0.000205s ]
INFO: Run Behavior\ParseTemplateBehavior [ RunTime:0.019847s ]
INFO: [ view_parse ] --END-- [ RunTime:0.020048s ]
INFO: [ view_filter ] --START--
INFO: Run Behavior\WriteHtmlCacheBehavior [ RunTime:0.001479s ]
INFO: [ view_filter ] --END-- [ RunTime:0.001562s ]
INFO: [ app_end ] --START--
INFO: Run Behavior\ShowPageTraceBehavior [ RunTime:0.001816s ]
INFO: [ app_end ] --END-- [ RunTime:0.001903s ]

[ 2018-09-11T00:10:37+08:00 ] ::1 /dy/Admin/Adutilplan/index.html?id=1
INFO: [ app_init ] --START--
INFO: Run Behavior\BuildLiteBehavior [ RunTime:0.000019s ]
INFO: [ app_init ] --END-- [ RunTime:0.000730s ]
INFO: [ app_begin ] --START--
INFO: Run Behavior\ReadHtmlCacheBehavior [ RunTime:0.001104s ]
INFO: [ app_begin ] --END-- [ RunTime:0.001165s ]
SQL: SHOW COLUMNS FROM `dy_plan` [ RunTime:0.0528s ]
SQL: SELECT `p_sid` FROM `dy_plan` WHERE ( p_id=1 ) LIMIT 1   [ RunTime:0.0011s ]
SQL: SELECT `p_name` FROM `dy_plan` WHERE ( p_id=1 ) LIMIT 1   [ RunTime:0.0010s ]
SQL: SHOW COLUMNS FROM `dy_tguitl` [ RunTime:0.0445s ]
SQL: SELECT * FROM `dy_tguitl` WHERE ( u_did=1 )  [ RunTime:0.0012s ]
SQL: SHOW COLUMNS FROM `dy_chuanyi` [ RunTime:0.0269s ]
SQL: SELECT COUNT(*) AS tp_count FROM `dy_chuanyi` WHERE ( c_danid=1 and c_status=1 ) LIMIT 1   [ RunTime:0.0005s ]
INFO: [ view_parse ] --START--
INFO: [ template_filter ] --START--
INFO: Run Behavior\ContentReplaceBehavior [ RunTime:0.000092s ]
INFO: [ template_filter ] --END-- [ RunTime:0.000164s ]
INFO: Run Behavior\ParseTemplateBehavior [ RunTime:0.018085s ]
INFO: [ view_parse ] --END-- [ RunTime:0.018165s ]
INFO: [ view_filter ] --START--
INFO: Run Behavior\WriteHtmlCacheBehavior [ RunTime:0.001071s ]
INFO: [ view_filter ] --END-- [ RunTime:0.001123s ]
INFO: [ app_end ] --START--
INFO: Run Behavior\ShowPageTraceBehavior [ RunTime:0.001369s ]
INFO: [ app_end ] --END-- [ RunTime:0.001427s ]

[ 2018-09-11T00:10:40+08:00 ] ::1 /dy/Admin/Edittgutil/index.html?id=1
INFO: [ app_init ] --START--
INFO: Run Behavior\BuildLiteBehavior [ RunTime:0.000015s ]
INFO: [ app_init ] --END-- [ RunTime:0.000664s ]
INFO: [ app_begin ] --START--
INFO: Run Behavior\ReadHtmlCacheBehavior [ RunTime:0.001664s ]
INFO: [ app_begin ] --END-- [ RunTime:0.001802s ]
SQL: SHOW COLUMNS FROM `dy_tguitl` [ RunTime:0.0690s ]
SQL: SELECT * FROM `dy_tguitl` WHERE ( u_id=1 ) LIMIT 1   [ RunTime:0.0015s ]
INFO: [ view_parse ] --START--
INFO: [ template_filter ] --START--
INFO: Run Behavior\ContentReplaceBehavior [ RunTime:0.000776s ]
INFO: [ template_filter ] --END-- [ RunTime:0.000890s ]
INFO: Run Behavior\ParseTemplateBehavior [ RunTime:0.065031s ]
INFO: [ view_parse ] --END-- [ RunTime:0.065192s ]
INFO: [ view_filter ] --START--
INFO: Run Behavior\WriteHtmlCacheBehavior [ RunTime:0.001236s ]
INFO: [ view_filter ] --END-- [ RunTime:0.001301s ]
INFO: [ app_end ] --START--
INFO: Run Behavior\ShowPageTraceBehavior [ RunTime:0.002400s ]
INFO: [ app_end ] --END-- [ RunTime:0.002797s ]

[ 2018-09-11T00:10:49+08:00 ] ::1 /dy/Admin/Edittgutil/index.html
INFO: [ app_init ] --START--
INFO: Run Behavior\BuildLiteBehavior [ RunTime:0.000015s ]
INFO: [ app_init ] --END-- [ RunTime:0.000511s ]
INFO: [ app_begin ] --START--
INFO: Run Behavior\ReadHtmlCacheBehavior [ RunTime:0.000940s ]
INFO: [ app_begin ] --END-- [ RunTime:0.000993s ]
SQL: SHOW COLUMNS FROM `dy_tguitl` [ RunTime:0.0667s ]
SQL: UPDATE `dy_tguitl` SET `u_did`='1',`u_name`='测试单元',`u_price`='0.6',`u_sex`='0',`u_tgtype`='cpc',`u_planname`='棋牌',`u_area`='1',`u_keyword`='',`u_wifi`='4G',`u_age`='19-24,25-29',`u_ageid`='wifi-2,wifi-3',`u_areaid`='ck_35,ck_36' WHERE ( u_id=1 ) [ RunTime:0.0046s ]
INFO: [ app_end ] --START--
INFO: Run Behavior\ShowPageTraceBehavior [ RunTime:0.004804s ]
INFO: [ app_end ] --END-- [ RunTime:0.005075s ]

[ 2018-09-11T00:10:51+08:00 ] ::1 /dy/Admin/Adutilplan/index.html?id=1
INFO: [ app_init ] --START--
INFO: Run Behavior\BuildLiteBehavior [ RunTime:0.000027s ]
INFO: [ app_init ] --END-- [ RunTime:0.001261s ]
INFO: [ app_begin ] --START--
INFO: Run Behavior\ReadHtmlCacheBehavior [ RunTime:0.001223s ]
INFO: [ app_begin ] --END-- [ RunTime:0.001290s ]
SQL: SHOW COLUMNS FROM `dy_plan` [ RunTime:0.0806s ]
SQL: SELECT `p_sid` FROM `dy_plan` WHERE ( p_id=1 ) LIMIT 1   [ RunTime:0.0013s ]
SQL: SELECT `p_name` FROM `dy_plan` WHERE ( p_id=1 ) LIMIT 1   [ RunTime:0.0011s ]
SQL: SHOW COLUMNS FROM `dy_tguitl` [ RunTime:0.0403s ]
SQL: SELECT * FROM `dy_tguitl` WHERE ( u_did=1 )  [ RunTime:0.0006s ]
SQL: SHOW COLUMNS FROM `dy_chuanyi` [ RunTime:0.0175s ]
SQL: SELECT COUNT(*) AS tp_count FROM `dy_chuanyi` WHERE ( c_danid=1 and c_status=1 ) LIMIT 1   [ RunTime:0.0006s ]
INFO: [ view_parse ] --START--
INFO: [ template_filter ] --START--
INFO: Run Behavior\ContentReplaceBehavior [ RunTime:0.000121s ]
INFO: [ template_filter ] --END-- [ RunTime:0.000215s ]
INFO: Run Behavior\ParseTemplateBehavior [ RunTime:0.020416s ]
INFO: [ view_parse ] --END-- [ RunTime:0.020503s ]
INFO: [ view_filter ] --START--
INFO: Run Behavior\WriteHtmlCacheBehavior [ RunTime:0.001126s ]
INFO: [ view_filter ] --END-- [ RunTime:0.001184s ]
INFO: [ app_end ] --START--
INFO: Run Behavior\ShowPageTraceBehavior [ RunTime:0.001585s ]
INFO: [ app_end ] --END-- [ RunTime:0.001648s ]

[ 2018-09-11T00:10:54+08:00 ] ::1 /dy/Admin/Adplan/index.html?did=2
INFO: [ app_init ] --START--
INFO: Run Behavior\BuildLiteBehavior [ RunTime:0.000016s ]
INFO: [ app_init ] --END-- [ RunTime:0.000704s ]
INFO: [ app_begin ] --START--
INFO: Run Behavior\ReadHtmlCacheBehavior [ RunTime:0.001005s ]
INFO: [ app_begin ] --END-- [ RunTime:0.001059s ]
SQL: SHOW COLUMNS FROM `dy_plan` [ RunTime:0.0647s ]
SQL: SELECT * FROM `dy_plan` WHERE ( p_sid=2 ) LIMIT 1   [ RunTime:0.0019s ]
SQL: SHOW COLUMNS FROM `dy_tguitl` [ RunTime:0.0418s ]
SQL: SELECT * FROM `dy_tguitl` WHERE ( u_did=1 )  [ RunTime:0.0006s ]
SQL: SHOW COLUMNS FROM `dy_chuanyi` [ RunTime:0.0158s ]
SQL: SELECT COUNT(*) AS tp_count FROM `dy_chuanyi` WHERE ( c_danid=1 and c_status=1 ) LIMIT 1   [ RunTime:0.0003s ]
SQL: UPDATE `dy_plan` SET `p_price`='1.2' WHERE ( p_sid=2 ) [ RunTime:0.0028s ]
INFO: [ view_parse ] --START--
INFO: [ template_filter ] --START--
INFO: Run Behavior\ContentReplaceBehavior [ RunTime:0.000076s ]
INFO: [ template_filter ] --END-- [ RunTime:0.000135s ]
INFO: Run Behavior\ParseTemplateBehavior [ RunTime:0.011625s ]
INFO: [ view_parse ] --END-- [ RunTime:0.011686s ]
INFO: [ view_filter ] --START--
INFO: Run Behavior\WriteHtmlCacheBehavior [ RunTime:0.000698s ]
INFO: [ view_filter ] --END-- [ RunTime:0.000744s ]
INFO: [ app_end ] --START--
INFO: Run Behavior\ShowPageTraceBehavior [ RunTime:0.001002s ]
INFO: [ app_end ] --END-- [ RunTime:0.001053s ]

[ 2018-09-11T00:11:13+08:00 ] ::1 /dy/Admin/Daypay/index.html?did=2
INFO: [ app_init ] --START--
INFO: Run Behavior\BuildLiteBehavior [ RunTime:0.000024s ]
INFO: [ app_init ] --END-- [ RunTime:0.001430s ]
INFO: [ app_begin ] --START--
INFO: Run Behavior\ReadHtmlCacheBehavior [ RunTime:0.000976s ]
INFO: [ app_begin ] --END-- [ RunTime:0.001032s ]
SQL: SHOW COLUMNS FROM `dy_everyday` [ RunTime:0.0662s ]
SQL: SELECT * FROM `dy_everyday` WHERE ( e_sid=2 )  [ RunTime:0.0015s ]
SQL: SELECT `e_usenum` FROM `dy_everyday` WHERE ( e_sid=2 and e_usetime='2018-08-13' ) LIMIT 1   [ RunTime:0.0012s ]
SQL: SELECT `e_clicknum` FROM `dy_everyday` WHERE ( e_sid=2 and e_usetime='2018-08-13' ) LIMIT 1   [ RunTime:0.0013s ]
SQL: SELECT `e_usenum` FROM `dy_everyday` WHERE ( e_sid=2 and e_usetime='2018-08-14' ) LIMIT 1   [ RunTime:0.0014s ]
SQL: SELECT `e_clicknum` FROM `dy_everyday` WHERE ( e_sid=2 and e_usetime='2018-08-14' ) LIMIT 1   [ RunTime:0.0012s ]
SQL: SELECT `e_usenum` FROM `dy_everyday` WHERE ( e_sid=2 and e_usetime='2018-08-15' ) LIMIT 1   [ RunTime:0.0012s ]
SQL: SELECT `e_clicknum` FROM `dy_everyday` WHERE ( e_sid=2 and e_usetime='2018-08-15' ) LIMIT 1   [ RunTime:0.0011s ]
SQL: SELECT `e_usenum` FROM `dy_everyday` WHERE ( e_sid=2 and e_usetime='2018-08-16' ) LIMIT 1   [ RunTime:0.0011s ]
SQL: SELECT `e_clicknum` FROM `dy_everyday` WHERE ( e_sid=2 and e_usetime='2018-08-16' ) LIMIT 1   [ RunTime:0.0012s ]
SQL: SELECT `e_usenum` FROM `dy_everyday` WHERE ( e_sid=2 and e_usetime='2018-08-17' ) LIMIT 1   [ RunTime:0.0010s ]
SQL: SELECT `e_clicknum` FROM `dy_everyday` WHERE ( e_sid=2 and e_usetime='2018-08-17' ) LIMIT 1   [ RunTime:0.0014s ]
SQL: SELECT `e_usenum` FROM `dy_everyday` WHERE ( e_sid=2 and e_usetime='2018-08-18' ) LIMIT 1   [ RunTime:0.0013s ]
SQL: SELECT `e_clicknum` FROM `dy_everyday` WHERE ( e_sid=2 and e_usetime='2018-08-18' ) LIMIT 1   [ RunTime:0.0015s ]
SQL: SELECT `e_usenum` FROM `dy_everyday` WHERE ( e_sid=2 and e_usetime='2018-08-19' ) LIMIT 1   [ RunTime:0.0011s ]
SQL: SELECT `e_clicknum` FROM `dy_everyday` WHERE ( e_sid=2 and e_usetime='2018-08-19' ) LIMIT 1   [ RunTime:0.0012s ]
SQL: SELECT `e_usenum` FROM `dy_everyday` WHERE ( e_sid=2 and e_usetime='2018-08-20' ) LIMIT 1   [ RunTime:0.0012s ]
SQL: SELECT `e_clicknum` FROM `dy_everyday` WHERE ( e_sid=2 and e_usetime='2018-08-20' ) LIMIT 1   [ RunTime:0.0013s ]
SQL: SELECT `e_usenum` FROM `dy_everyday` WHERE ( e_sid=2 and e_usetime='2018-08-21' ) LIMIT 1   [ RunTime:0.0013s ]
SQL: SELECT `e_clicknum` FROM `dy_everyday` WHERE ( e_sid=2 and e_usetime='2018-08-21' ) LIMIT 1   [ RunTime:0.0013s ]
SQL: SELECT `e_usenum` FROM `dy_everyday` WHERE ( e_sid=2 and e_usetime='2018-08-22' ) LIMIT 1   [ RunTime:0.0018s ]
SQL: SELECT `e_clicknum` FROM `dy_everyday` WHERE ( e_sid=2 and e_usetime='2018-08-22' ) LIMIT 1   [ RunTime:0.0014s ]
SQL: SELECT `e_usenum` FROM `dy_everyday` WHERE ( e_sid=2 and e_usetime='2018-08-23' ) LIMIT 1   [ RunTime:0.0013s ]
SQL: SELECT `e_clicknum` FROM `dy_everyday` WHERE ( e_sid=2 and e_usetime='2018-08-23' ) LIMIT 1   [ RunTime:0.0011s ]
SQL: SELECT `e_usenum` FROM `dy_everyday` WHERE ( e_sid=2 and e_usetime='2018-08-24' ) LIMIT 1   [ RunTime:0.0010s ]
SQL: SELECT `e_clicknum` FROM `dy_everyday` WHERE ( e_sid=2 and e_usetime='2018-08-24' ) LIMIT 1   [ RunTime:0.0011s ]
SQL: SELECT `e_usenum` FROM `dy_everyday` WHERE ( e_sid=2 and e_usetime='2018-08-25' ) LIMIT 1   [ RunTime:0.0013s ]
SQL: SELECT `e_clicknum` FROM `dy_everyday` WHERE ( e_sid=2 and e_usetime='2018-08-25' ) LIMIT 1   [ RunTime:0.0011s ]
SQL: SELECT `e_usenum` FROM `dy_everyday` WHERE ( e_sid=2 and e_usetime='2018-08-26' ) LIMIT 1   [ RunTime:0.0012s ]
SQL: SELECT `e_clicknum` FROM `dy_everyday` WHERE ( e_sid=2 and e_usetime='2018-08-26' ) LIMIT 1   [ RunTime:0.0014s ]
SQL: SELECT `e_usenum` FROM `dy_everyday` WHERE ( e_sid=2 and e_usetime='2018-08-27' ) LIMIT 1   [ RunTime:0.0012s ]
SQL: SELECT `e_clicknum` FROM `dy_everyday` WHERE ( e_sid=2 and e_usetime='2018-08-27' ) LIMIT 1   [ RunTime:0.0011s ]
SQL: SELECT `e_usenum` FROM `dy_everyday` WHERE ( e_sid=2 and e_usetime='2018-08-28' ) LIMIT 1   [ RunTime:0.0012s ]
SQL: SELECT `e_clicknum` FROM `dy_everyday` WHERE ( e_sid=2 and e_usetime='2018-08-28' ) LIMIT 1   [ RunTime:0.0011s ]
SQL: SELECT `e_usenum` FROM `dy_everyday` WHERE ( e_sid=2 and e_usetime='2018-08-29' ) LIMIT 1   [ RunTime:0.0013s ]
SQL: SELECT `e_clicknum` FROM `dy_everyday` WHERE ( e_sid=2 and e_usetime='2018-08-29' ) LIMIT 1   [ RunTime:0.0012s ]
SQL: SELECT `e_usenum` FROM `dy_everyday` WHERE ( e_sid=2 and e_usetime='2018-08-30' ) LIMIT 1   [ RunTime:0.0012s ]
SQL: SELECT `e_clicknum` FROM `dy_everyday` WHERE ( e_sid=2 and e_usetime='2018-08-30' ) LIMIT 1   [ RunTime:0.0012s ]
SQL: SELECT `e_usenum` FROM `dy_everyday` WHERE ( e_sid=2 and e_usetime='2018-08-31' ) LIMIT 1   [ RunTime:0.0011s ]
SQL: SELECT `e_clicknum` FROM `dy_everyday` WHERE ( e_sid=2 and e_usetime='2018-08-31' ) LIMIT 1   [ RunTime:0.0011s ]
SQL: SELECT `e_usenum` FROM `dy_everyday` WHERE ( e_sid=2 and e_usetime='2018-09-01' ) LIMIT 1   [ RunTime:0.0011s ]
SQL: SELECT `e_clicknum` FROM `dy_everyday` WHERE ( e_sid=2 and e_usetime='2018-09-01' ) LIMIT 1   [ RunTime:0.0011s ]
SQL: SELECT `e_usenum` FROM `dy_everyday` WHERE ( e_sid=2 and e_usetime='2018-09-02' ) LIMIT 1   [ RunTime:0.0012s ]
SQL: SELECT `e_clicknum` FROM `dy_everyday` WHERE ( e_sid=2 and e_usetime='2018-09-02' ) LIMIT 1   [ RunTime:0.0013s ]
SQL: SELECT `e_usenum` FROM `dy_everyday` WHERE ( e_sid=2 and e_usetime='2018-09-03' ) LIMIT 1   [ RunTime:0.0012s ]
SQL: SELECT `e_clicknum` FROM `dy_everyday` WHERE ( e_sid=2 and e_usetime='2018-09-03' ) LIMIT 1   [ RunTime:0.0011s ]
SQL: SELECT `e_usenum` FROM `dy_everyday` WHERE ( e_sid=2 and e_usetime='2018-09-04' ) LIMIT 1   [ RunTime:0.0011s ]
SQL: SELECT `e_clicknum` FROM `dy_everyday` WHERE ( e_sid=2 and e_usetime='2018-09-04' ) LIMIT 1   [ RunTime:0.0014s ]
SQL: SELECT `e_usenum` FROM `dy_everyday` WHERE ( e_sid=2 and e_usetime='2018-09-05' ) LIMIT 1   [ RunTime:0.0013s ]
SQL: SELECT `e_clicknum` FROM `dy_everyday` WHERE ( e_sid=2 and e_usetime='2018-09-05' ) LIMIT 1   [ RunTime:0.0013s ]
SQL: SELECT `e_usenum` FROM `dy_everyday` WHERE ( e_sid=2 and e_usetime='2018-09-06' ) LIMIT 1   [ RunTime:0.0013s ]
SQL: SELECT `e_clicknum` FROM `dy_everyday` WHERE ( e_sid=2 and e_usetime='2018-09-06' ) LIMIT 1   [ RunTime:0.0012s ]
SQL: SELECT `e_usenum` FROM `dy_everyday` WHERE ( e_sid=2 and e_usetime='2018-09-07' ) LIMIT 1   [ RunTime:0.0014s ]
SQL: SELECT `e_clicknum` FROM `dy_everyday` WHERE ( e_sid=2 and e_usetime='2018-09-07' ) LIMIT 1   [ RunTime:0.0016s ]
SQL: SELECT `e_usenum` FROM `dy_everyday` WHERE ( e_sid=2 and e_usetime='2018-09-08' ) LIMIT 1   [ RunTime:0.0018s ]
SQL: SELECT `e_clicknum` FROM `dy_everyday` WHERE ( e_sid=2 and e_usetime='2018-09-08' ) LIMIT 1   [ RunTime:0.0017s ]
SQL: SELECT `e_usenum` FROM `dy_everyday` WHERE ( e_sid=2 and e_usetime='2018-09-09' ) LIMIT 1   [ RunTime:0.0011s ]
SQL: SELECT `e_clicknum` FROM `dy_everyday` WHERE ( e_sid=2 and e_usetime='2018-09-09' ) LIMIT 1   [ RunTime:0.0013s ]
SQL: SELECT `e_usenum` FROM `dy_everyday` WHERE ( e_sid=2 and e_usetime='2018-09-10' ) LIMIT 1   [ RunTime:0.0011s ]
SQL: SELECT `e_clicknum` FROM `dy_everyday` WHERE ( e_sid=2 and e_usetime='2018-09-10' ) LIMIT 1   [ RunTime:0.0012s ]
SQL: SELECT `e_usenum` FROM `dy_everyday` WHERE ( e_sid=2 and e_usetime='2018-09-11' ) LIMIT 1   [ RunTime:0.0012s ]
SQL: SELECT `e_clicknum` FROM `dy_everyday` WHERE ( e_sid=2 and e_usetime='2018-09-11' ) LIMIT 1   [ RunTime:0.0011s ]
INFO: [ view_parse ] --START--
INFO: [ template_filter ] --START--
INFO: Run Behavior\ContentReplaceBehavior [ RunTime:0.000343s ]
INFO: [ template_filter ] --END-- [ RunTime:0.000627s ]
INFO: Run Behavior\ParseTemplateBehavior [ RunTime:0.091098s ]
INFO: [ view_parse ] --END-- [ RunTime:0.091469s ]
INFO: [ view_filter ] --START--
INFO: Run Behavior\WriteHtmlCacheBehavior [ RunTime:0.003101s ]
INFO: [ view_filter ] --END-- [ RunTime:0.003310s ]
INFO: [ app_end ] --START--
INFO: Run Behavior\ShowPageTraceBehavior [ RunTime:0.008396s ]
INFO: [ app_end ] --END-- [ RunTime:0.008725s ]

